<?xml version="1.0" encoding="utf-8"?><testsuites name="pytest tests"><testsuite name="pytest" errors="0" failures="0" skipped="0" tests="10" time="5.708" timestamp="2026-02-22T16:30:01.534761+00:00" hostname="agent-env-e6199f71-f1d9-4584-b55a-709e0b16b10b"><testcase classname="backend.tests.test_group_stage.TestGroupStageAPI" name="test_api_health" time="1.193" /><testcase classname="backend.tests.test_group_stage.TestGroupStageAPI" name="test_login_with_test_credentials" time="0.588" /><testcase classname="backend.tests.test_group_stage.TestGroupStageAPI" name="test_get_tournament" time="0.514" /><testcase classname="backend.tests.test_group_stage.TestGroupStageAPI" name="test_get_competition" time="0.369" /><testcase classname="backend.tests.test_group_stage.TestGroupStageAPI" name="test_get_competition_participants" time="0.367" /><testcase classname="backend.tests.test_group_stage.TestGroupStageAPI" name="test_get_competition_matches" time="0.391" /><testcase classname="backend.tests.test_group_stage.TestGroupStageMatchFlow" name="test_get_single_match" time="0.733" /><testcase classname="backend.tests.test_group_stage.TestGenerateKnockout" name="test_generate_knockout_endpoint_exists" time="0.381" /><testcase classname="backend.tests.test_group_stage.TestGenerateKnockout" name="test_check_knockout_generation_prerequisites" time="0.740" /><testcase classname="backend.tests.test_group_stage.TestCompetitionStandings" name="test_standings_endpoint" time="0.372" /></testsuite></testsuites>