<?xml version="1.0" encoding="utf-8"?><testsuites name="pytest tests"><testsuite name="pytest" errors="0" failures="0" skipped="0" tests="24" time="13.127" timestamp="2026-02-20T04:32:15.722222+00:00" hostname="agent-env-8293e94d-deec-4641-9fe7-41dd74a48302"><testcase classname="test_rallydesk_api.TestAuth" name="test_login_success" time="1.098" /><testcase classname="test_rallydesk_api.TestAuth" name="test_login_invalid_credentials" time="0.728" /><testcase classname="test_rallydesk_api.TestAuth" name="test_register_new_viewer" time="0.843" /><testcase classname="test_rallydesk_api.TestAuth" name="test_register_duplicate_username" time="0.358" /><testcase classname="test_rallydesk_api.TestAuth" name="test_register_short_password" time="0.361" /><testcase classname="test_rallydesk_api.TestAuth" name="test_get_current_user" time="1.110" /><testcase classname="test_rallydesk_api.TestTournaments" name="test_list_tournaments" time="0.376" /><testcase classname="test_rallydesk_api.TestTournaments" name="test_get_tournament" time="0.363" /><testcase classname="test_rallydesk_api.TestTournaments" name="test_create_tournament" time="0.354" /><testcase classname="test_rallydesk_api.TestTournaments" name="test_get_nonexistent_tournament" time="0.357" /><testcase classname="test_rallydesk_api.TestPlayers" name="test_list_players" time="0.357" /><testcase classname="test_rallydesk_api.TestPlayers" name="test_create_player" time="0.356" /><testcase classname="test_rallydesk_api.TestPlayers" name="test_get_player" time="0.723" /><testcase classname="test_rallydesk_api.TestPlayers" name="test_delete_player" time="1.086" /><testcase classname="test_rallydesk_api.TestResources" name="test_list_resources" time="0.363" /><testcase classname="test_rallydesk_api.TestResources" name="test_bulk_add_resources" time="0.386" /><testcase classname="test_rallydesk_api.TestResources" name="test_create_single_resource" time="0.373" /><testcase classname="test_rallydesk_api.TestResources" name="test_delete_resource" time="0.708" /><testcase classname="test_rallydesk_api.TestCompetitions" name="test_list_competitions" time="0.377" /><testcase classname="test_rallydesk_api.TestCompetitions" name="test_create_competition" time="0.368" /><testcase classname="test_rallydesk_api.TestCompetitions" name="test_get_competition" time="0.705" /><testcase classname="test_rallydesk_api.TestCompetitions" name="test_create_competition_invalid_sport" time="0.351" /><testcase classname="test_rallydesk_api.TestDashboardStats" name="test_get_dashboard_stats" time="0.363" /><testcase classname="test_rallydesk_api.TestAPIRoot" name="test_api_root" time="0.367" /></testsuite></testsuites>