<?xml version="1.0" encoding="utf-8"?><testsuites name="pytest tests"><testsuite name="pytest" errors="0" failures="0" skipped="0" tests="16" time="9.710" timestamp="2026-02-20T04:55:13.013043+00:00" hostname="agent-env-8293e94d-deec-4641-9fe7-41dd74a48302"><testcase classname="backend.tests.test_rallydesk_new_features.TestGoogleOAuth" name="test_google_session_endpoint_exists" time="1.165" /><testcase classname="backend.tests.test_rallydesk_new_features.TestGoogleOAuth" name="test_auth_logout_endpoint" time="1.103" /><testcase classname="backend.tests.test_rallydesk_new_features.TestPublicBoard" name="test_public_board_endpoint" time="0.357" /><testcase classname="backend.tests.test_rallydesk_new_features.TestPublicBoard" name="test_public_board_nonexistent_tournament" time="0.370" /><testcase classname="backend.tests.test_rallydesk_new_features.TestPublicBoard" name="test_public_tournaments_list" time="0.366" /><testcase classname="backend.tests.test_rallydesk_new_features.TestCompetitionDetail" name="test_get_competition" time="0.351" /><testcase classname="backend.tests.test_rallydesk_new_features.TestCompetitionDetail" name="test_get_competition_participants" time="0.355" /><testcase classname="backend.tests.test_rallydesk_new_features.TestCompetitionDetail" name="test_get_competition_matches" time="0.356" /><testcase classname="backend.tests.test_rallydesk_new_features.TestMatchScoreboard" name="test_get_match" time="0.737" /><testcase classname="backend.tests.test_rallydesk_new_features.TestMatchScoreboard" name="test_update_match_scores" time="0.729" /><testcase classname="backend.tests.test_rallydesk_new_features.TestControlDesk" name="test_get_control_desk" time="0.353" /><testcase classname="backend.tests.test_rallydesk_new_features.TestStandings" name="test_get_competition_standings" time="0.358" /><testcase classname="backend.tests.test_rallydesk_new_features.TestPlayerImport" name="test_csv_sample_download" time="0.363" /><testcase classname="backend.tests.test_rallydesk_new_features.TestPlayerImport" name="test_bulk_add_players" time="0.355" /><testcase classname="backend.tests.test_rallydesk_new_features.TestTournamentStats" name="test_tournament_stats" time="0.382" /><testcase classname="backend.tests.test_rallydesk_new_features.TestDrawGeneration" name="test_create_competition_and_generate_draw" time="1.818" /></testsuite></testsuites>