<?xml version="1.0" encoding="utf-8"?><testsuites name="pytest tests"><testsuite name="pytest" errors="0" failures="0" skipped="0" tests="15" time="5.611" timestamp="2026-02-20T12:44:27.930311+00:00" hostname="agent-env-b337b4a8-4106-4579-acaf-301ba16d4a52"><testcase classname="backend.tests.test_divisions_and_csv_import.TestDivisionCRUD" name="test_list_divisions" time="0.709" /><testcase classname="backend.tests.test_divisions_and_csv_import.TestDivisionCRUD" name="test_create_division" time="0.090" /><testcase classname="backend.tests.test_divisions_and_csv_import.TestDivisionCRUD" name="test_get_division" time="0.181" /><testcase classname="backend.tests.test_divisions_and_csv_import.TestDivisionCRUD" name="test_delete_division" time="0.352" /><testcase classname="backend.tests.test_divisions_and_csv_import.TestPlayerDivisionAssignment" name="test_create_player_with_division" time="0.464" /><testcase classname="backend.tests.test_divisions_and_csv_import.TestPlayerDivisionAssignment" name="test_get_player_with_division" time="0.098" /><testcase classname="backend.tests.test_divisions_and_csv_import.TestPlayerDivisionFilter" name="test_filter_players_by_division" time="0.487" /><testcase classname="backend.tests.test_divisions_and_csv_import.TestPlayerDivisionFilter" name="test_filter_players_all_divisions" time="0.225" /><testcase classname="backend.tests.test_divisions_and_csv_import.TestCSVImport" name="test_csv_template_download" time="0.379" /><testcase classname="backend.tests.test_divisions_and_csv_import.TestCSVImport" name="test_csv_import_with_team_column_creates_team" time="0.186" /><testcase classname="backend.tests.test_divisions_and_csv_import.TestCSVImport" name="test_csv_import_with_division_column_creates_division" time="0.283" /><testcase classname="backend.tests.test_divisions_and_csv_import.TestCSVImport" name="test_csv_import_with_default_division" time="0.265" /><testcase classname="backend.tests.test_divisions_and_csv_import.TestCleanup" name="test_cleanup_test_players" time="1.301" /><testcase classname="backend.tests.test_divisions_and_csv_import.TestCleanup" name="test_cleanup_test_divisions" time="0.264" /><testcase classname="backend.tests.test_divisions_and_csv_import.TestCleanup" name="test_cleanup_test_teams" time="0.194" /></testsuite></testsuites>